This file contains any messages produced by compilers while
running configure, to aid debugging if configure makes a mistake.

It was created by dlvhex-aspplugin configure 0.3.0, which was
generated by GNU Autoconf 2.64.  Invocation command line was

  $ ./configure 

## --------- ##
## Platform. ##
## --------- ##

hostname = credl-wien
uname -m = x86_64
uname -r = 2.6.31-16-generic
uname -s = Linux
uname -v = #53-Ubuntu SMP Tue Dec 8 04:02:15 UTC 2009

/usr/bin/uname -p = unknown
/bin/uname -X     = unknown

/bin/arch              = unknown
/usr/bin/arch -k       = unknown
/usr/convex/getsysinfo = unknown
/usr/bin/hostinfo      = unknown
/bin/machine           = unknown
/usr/bin/oslevel       = unknown
/bin/universe          = unknown

PATH: /usr/local/sbin
PATH: /usr/local/bin
PATH: /usr/sbin
PATH: /usr/bin
PATH: /sbin
PATH: /bin
PATH: /usr/games


## ----------- ##
## Core tests. ##
## ----------- ##

configure:2669: checking for a BSD-compatible install
configure:2737: result: /usr/bin/install -c
configure:2748: checking whether build environment is sane
configure:2798: result: yes
configure:2939: checking for a thread-safe mkdir -p
configure:2978: result: /bin/mkdir -p
configure:2991: checking for gawk
configure:3021: result: no
configure:2991: checking for mawk
configure:3007: found /usr/bin/mawk
configure:3018: result: mawk
configure:3029: checking whether make sets $(MAKE)
configure:3051: result: yes
configure:3136: checking build system type
configure:3150: result: x86_64-unknown-linux-gnu
configure:3170: checking host system type
configure:3183: result: x86_64-unknown-linux-gnu
configure:3271: checking for g++
configure:3287: found /usr/bin/g++
configure:3298: result: g++
configure:3325: checking for C++ compiler version
configure:3334: g++ --version >&5
g++ (Ubuntu 4.4.1-4ubuntu8) 4.4.1
Copyright (C) 2009 Free Software Foundation, Inc.
This is free software; see the source for copying conditions.  There is NO
warranty; not even for MERCHANTABILITY or FITNESS FOR A PARTICULAR PURPOSE.

configure:3345: $? = 0
configure:3334: g++ -v >&5
Using built-in specs.
Target: x86_64-linux-gnu
Configured with: ../src/configure -v --with-pkgversion='Ubuntu 4.4.1-4ubuntu8' --with-bugurl=file:///usr/share/doc/gcc-4.4/README.Bugs --enable-languages=c,c++,fortran,objc,obj-c++ --prefix=/usr --enable-shared --enable-multiarch --enable-linker-build-id --with-system-zlib --libexecdir=/usr/lib --without-included-gettext --enable-threads=posix --with-gxx-include-dir=/usr/include/c++/4.4 --program-suffix=-4.4 --enable-nls --enable-clocale=gnu --enable-libstdcxx-debug --enable-objc-gc --disable-werror --with-arch-32=i486 --with-tune=generic --enable-checking=release --build=x86_64-linux-gnu --host=x86_64-linux-gnu --target=x86_64-linux-gnu
Thread model: posix
gcc version 4.4.1 (Ubuntu 4.4.1-4ubuntu8) 
configure:3345: $? = 0
configure:3334: g++ -V >&5
g++: '-V' option must have argument
configure:3345: $? = 1
configure:3334: g++ -qversion >&5
g++: unrecognized option '-qversion'
g++: no input files
configure:3345: $? = 1
configure:3367: checking for C++ compiler default output file name
configure:3389: g++    conftest.cpp  >&5
configure:3393: $? = 0
configure:3430: result: a.out
configure:3446: checking whether the C++ compiler works
configure:3455: ./a.out
configure:3459: $? = 0
configure:3474: result: yes
configure:3481: checking whether we are cross compiling
configure:3483: result: no
configure:3486: checking for suffix of executables
configure:3493: g++ -o conftest    conftest.cpp  >&5
configure:3497: $? = 0
configure:3519: result: 
configure:3525: checking for suffix of object files
configure:3547: g++ -c   conftest.cpp >&5
configure:3551: $? = 0
configure:3572: result: o
configure:3576: checking whether we are using the GNU C++ compiler
configure:3595: g++ -c   conftest.cpp >&5
configure:3595: $? = 0
configure:3604: result: yes
configure:3613: checking whether g++ accepts -g
configure:3633: g++ -c -g  conftest.cpp >&5
configure:3633: $? = 0
configure:3674: result: yes
configure:3708: checking for style of include used by make
configure:3736: result: GNU
configure:3761: checking dependency style of g++
configure:3871: result: gcc3
configure:3934: checking for gcc
configure:3950: found /usr/bin/gcc
configure:3961: result: gcc
configure:4190: checking for C compiler version
configure:4199: gcc --version >&5
gcc (Ubuntu 4.4.1-4ubuntu8) 4.4.1
Copyright (C) 2009 Free Software Foundation, Inc.
This is free software; see the source for copying conditions.  There is NO
warranty; not even for MERCHANTABILITY or FITNESS FOR A PARTICULAR PURPOSE.

configure:4210: $? = 0
configure:4199: gcc -v >&5
Using built-in specs.
Target: x86_64-linux-gnu
Configured with: ../src/configure -v --with-pkgversion='Ubuntu 4.4.1-4ubuntu8' --with-bugurl=file:///usr/share/doc/gcc-4.4/README.Bugs --enable-languages=c,c++,fortran,objc,obj-c++ --prefix=/usr --enable-shared --enable-multiarch --enable-linker-build-id --with-system-zlib --libexecdir=/usr/lib --without-included-gettext --enable-threads=posix --with-gxx-include-dir=/usr/include/c++/4.4 --program-suffix=-4.4 --enable-nls --enable-clocale=gnu --enable-libstdcxx-debug --enable-objc-gc --disable-werror --with-arch-32=i486 --with-tune=generic --enable-checking=release --build=x86_64-linux-gnu --host=x86_64-linux-gnu --target=x86_64-linux-gnu
Thread model: posix
gcc version 4.4.1 (Ubuntu 4.4.1-4ubuntu8) 
configure:4210: $? = 0
configure:4199: gcc -V >&5
gcc: '-V' option must have argument
configure:4210: $? = 1
configure:4199: gcc -qversion >&5
gcc: unrecognized option '-qversion'
gcc: no input files
configure:4210: $? = 1
configure:4214: checking whether we are using the GNU C compiler
configure:4233: gcc -c   conftest.c >&5
configure:4233: $? = 0
configure:4242: result: yes
configure:4251: checking whether gcc accepts -g
configure:4271: gcc -c -g  conftest.c >&5
configure:4271: $? = 0
configure:4312: result: yes
configure:4329: checking for gcc option to accept ISO C89
configure:4393: gcc  -c -g -O2  conftest.c >&5
configure:4393: $? = 0
configure:4406: result: none needed
configure:4428: checking dependency style of gcc
configure:4538: result: gcc3
configure:4559: checking for dirent.h that defines DIR
configure:4578: gcc -c -g -O2  conftest.c >&5
configure:4578: $? = 0
configure:4586: result: yes
configure:4600: checking for library containing opendir
configure:4631: gcc -o conftest -g -O2   conftest.c  >&5
configure:4631: $? = 0
configure:4648: result: none required
configure:4720: checking how to run the C preprocessor
configure:4751: gcc -E  conftest.c
configure:4751: $? = 0
configure:4765: gcc -E  conftest.c
conftest.c:15:28: error: ac_nonexistent.h: No such file or directory
configure:4765: $? = 1
configure: failed program was:
| /* confdefs.h */
| #define PACKAGE_NAME "dlvhex-aspplugin"
| #define PACKAGE_TARNAME "dlvhex-aspplugin"
| #define PACKAGE_VERSION "0.3.0"
| #define PACKAGE_STRING "dlvhex-aspplugin 0.3.0"
| #define PACKAGE_BUGREPORT "e0525250@mail.student.tuwien.ac.at"
| #define PACKAGE_URL ""
| #define ASPPLUGIN_MAJOR 0
| #define ASPPLUGIN_MINOR 3
| #define ASPPLUGIN_MICRO 0
| #define PACKAGE "dlvhex-aspplugin"
| #define VERSION "0.3.0"
| #define HAVE_DIRENT_H 1
| /* end confdefs.h.  */
| #include <ac_nonexistent.h>
configure:4790: result: gcc -E
configure:4810: gcc -E  conftest.c
configure:4810: $? = 0
configure:4824: gcc -E  conftest.c
conftest.c:15:28: error: ac_nonexistent.h: No such file or directory
configure:4824: $? = 1
configure: failed program was:
| /* confdefs.h */
| #define PACKAGE_NAME "dlvhex-aspplugin"
| #define PACKAGE_TARNAME "dlvhex-aspplugin"
| #define PACKAGE_VERSION "0.3.0"
| #define PACKAGE_STRING "dlvhex-aspplugin 0.3.0"
| #define PACKAGE_BUGREPORT "e0525250@mail.student.tuwien.ac.at"
| #define PACKAGE_URL ""
| #define ASPPLUGIN_MAJOR 0
| #define ASPPLUGIN_MINOR 3
| #define ASPPLUGIN_MICRO 0
| #define PACKAGE "dlvhex-aspplugin"
| #define VERSION "0.3.0"
| #define HAVE_DIRENT_H 1
| /* end confdefs.h.  */
| #include <ac_nonexistent.h>
configure:4853: checking for grep that handles long lines and -e
configure:4911: result: /bin/grep
configure:4916: checking for egrep
configure:4978: result: /bin/grep -E
configure:4983: checking for ANSI C header files
configure:5003: gcc -c -g -O2  conftest.c >&5
configure:5003: $? = 0
configure:5076: gcc -o conftest -g -O2   conftest.c  >&5
configure:5076: $? = 0
configure:5076: ./conftest
configure:5076: $? = 0
configure:5087: result: yes
configure:5100: checking for sys/types.h
configure:5100: gcc -c -g -O2  conftest.c >&5
configure:5100: $? = 0
configure:5100: result: yes
configure:5100: checking for sys/stat.h
configure:5100: gcc -c -g -O2  conftest.c >&5
configure:5100: $? = 0
configure:5100: result: yes
configure:5100: checking for stdlib.h
configure:5100: gcc -c -g -O2  conftest.c >&5
configure:5100: $? = 0
configure:5100: result: yes
configure:5100: checking for string.h
configure:5100: gcc -c -g -O2  conftest.c >&5
configure:5100: $? = 0
configure:5100: result: yes
configure:5100: checking for memory.h
configure:5100: gcc -c -g -O2  conftest.c >&5
configure:5100: $? = 0
configure:5100: result: yes
configure:5100: checking for strings.h
configure:5100: gcc -c -g -O2  conftest.c >&5
configure:5100: $? = 0
configure:5100: result: yes
configure:5100: checking for inttypes.h
configure:5100: gcc -c -g -O2  conftest.c >&5
configure:5100: $? = 0
configure:5100: result: yes
configure:5100: checking for stdint.h
configure:5100: gcc -c -g -O2  conftest.c >&5
configure:5100: $? = 0
configure:5100: result: yes
configure:5100: checking for unistd.h
configure:5100: gcc -c -g -O2  conftest.c >&5
configure:5100: $? = 0
configure:5100: result: yes
configure:5115: checking sys/param.h usability
configure:5115: gcc -c -g -O2  conftest.c >&5
configure:5115: $? = 0
configure:5115: result: yes
configure:5115: checking sys/param.h presence
configure:5115: gcc -E  conftest.c
configure:5115: $? = 0
configure:5115: result: yes
configure:5115: checking for sys/param.h
configure:5115: result: yes
configure:5127: checking for stdbool.h that conforms to C99
configure:5212: gcc -c -g -O2  conftest.c >&5
configure:5212: $? = 0
configure:5219: result: yes
configure:5221: checking for _Bool
configure:5221: gcc -c -g -O2  conftest.c >&5
configure:5221: $? = 0
configure:5221: gcc -c -g -O2  conftest.c >&5
conftest.c: In function 'main':
conftest.c:62: error: expected expression before ')' token
configure:5221: $? = 1
configure: failed program was:
| /* confdefs.h */
| #define PACKAGE_NAME "dlvhex-aspplugin"
| #define PACKAGE_TARNAME "dlvhex-aspplugin"
| #define PACKAGE_VERSION "0.3.0"
| #define PACKAGE_STRING "dlvhex-aspplugin 0.3.0"
| #define PACKAGE_BUGREPORT "e0525250@mail.student.tuwien.ac.at"
| #define PACKAGE_URL ""
| #define ASPPLUGIN_MAJOR 0
| #define ASPPLUGIN_MINOR 3
| #define ASPPLUGIN_MICRO 0
| #define PACKAGE "dlvhex-aspplugin"
| #define VERSION "0.3.0"
| #define HAVE_DIRENT_H 1
| #define STDC_HEADERS 1
| #define HAVE_SYS_TYPES_H 1
| #define HAVE_SYS_STAT_H 1
| #define HAVE_STDLIB_H 1
| #define HAVE_STRING_H 1
| #define HAVE_MEMORY_H 1
| #define HAVE_STRINGS_H 1
| #define HAVE_INTTYPES_H 1
| #define HAVE_STDINT_H 1
| #define HAVE_UNISTD_H 1
| #define HAVE_SYS_PARAM_H 1
| /* end confdefs.h.  */
| #include <stdio.h>
| #ifdef HAVE_SYS_TYPES_H
| # include <sys/types.h>
| #endif
| #ifdef HAVE_SYS_STAT_H
| # include <sys/stat.h>
| #endif
| #ifdef STDC_HEADERS
| # include <stdlib.h>
| # include <stddef.h>
| #else
| # ifdef HAVE_STDLIB_H
| #  include <stdlib.h>
| # endif
| #endif
| #ifdef HAVE_STRING_H
| # if !defined STDC_HEADERS && defined HAVE_MEMORY_H
| #  include <memory.h>
| # endif
| # include <string.h>
| #endif
| #ifdef HAVE_STRINGS_H
| # include <strings.h>
| #endif
| #ifdef HAVE_INTTYPES_H
| # include <inttypes.h>
| #endif
| #ifdef HAVE_STDINT_H
| # include <stdint.h>
| #endif
| #ifdef HAVE_UNISTD_H
| # include <unistd.h>
| #endif
| int
| main ()
| {
| if (sizeof ((_Bool)))
| 	    return 0;
|   ;
|   return 0;
| }
configure:5221: result: yes
configure:5237: checking for an ANSI C-conforming const
configure:5302: gcc -c -g -O2  conftest.c >&5
configure:5302: $? = 0
configure:5309: result: yes
configure:5375: checking for a sed that does not truncate output
configure:5439: result: /bin/sed
configure:5457: checking for fgrep
configure:5519: result: /bin/grep -F
configure:5554: checking for ld used by gcc
configure:5621: result: /usr/bin/ld
configure:5628: checking if the linker (/usr/bin/ld) is GNU ld
configure:5643: result: yes
configure:5655: checking for BSD- or MS-compatible name lister (nm)
configure:5704: result: /usr/bin/nm -B
configure:5822: checking the name lister (/usr/bin/nm -B) interface
configure:5829: gcc -c -g -O2  conftest.c >&5
configure:5832: /usr/bin/nm -B "conftest.o"
configure:5835: output
0000000000000000 B some_variable
configure:5842: result: BSD nm
configure:5845: checking whether ln -s works
configure:5849: result: yes
configure:5857: checking the maximum length of command line arguments
configure:5977: result: 1572864
configure:5994: checking whether the shell understands some XSI constructs
configure:6004: result: yes
configure:6008: checking whether the shell understands "+="
configure:6014: result: yes
configure:6049: checking for /usr/bin/ld option to reload object files
configure:6056: result: -r
configure:6125: checking for objdump
configure:6141: found /usr/bin/objdump
configure:6152: result: objdump
configure:6184: checking how to recognize dependent libraries
configure:6380: result: pass_all
configure:6440: checking for ar
configure:6456: found /usr/bin/ar
configure:6467: result: ar
configure:6545: checking for strip
configure:6561: found /usr/bin/strip
configure:6572: result: strip
configure:6644: checking for ranlib
configure:6660: found /usr/bin/ranlib
configure:6671: result: ranlib
configure:6761: checking command to parse /usr/bin/nm -B output from gcc object
configure:6879: gcc -c -g -O2  conftest.c >&5
configure:6882: $? = 0
configure:6886: /usr/bin/nm -B conftest.o \| sed -n -e 's/^.*[	 ]\([ABCDGIRSTW][ABCDGIRSTW]*\)[	 ][	 ]*\([_A-Za-z][_A-Za-z0-9]*\)$/\1 \2 \2/p' \> conftest.nm
configure:6889: $? = 0
configure:6943: gcc -o conftest -g -O2   conftest.c conftstm.o >&5
configure:6946: $? = 0
configure:6984: result: ok
configure:7079: gcc -c -g -O2  conftest.c >&5
configure:7082: $? = 0
configure:7789: checking for dlfcn.h
configure:7789: gcc -c -g -O2  conftest.c >&5
configure:7789: $? = 0
configure:7789: result: yes
configure:7914: checking for C++ compiler version
configure:7923: g++ --version >&5
g++ (Ubuntu 4.4.1-4ubuntu8) 4.4.1
Copyright (C) 2009 Free Software Foundation, Inc.
This is free software; see the source for copying conditions.  There is NO
warranty; not even for MERCHANTABILITY or FITNESS FOR A PARTICULAR PURPOSE.

configure:7934: $? = 0
configure:7923: g++ -v >&5
Using built-in specs.
Target: x86_64-linux-gnu
Configured with: ../src/configure -v --with-pkgversion='Ubuntu 4.4.1-4ubuntu8' --with-bugurl=file:///usr/share/doc/gcc-4.4/README.Bugs --enable-languages=c,c++,fortran,objc,obj-c++ --prefix=/usr --enable-shared --enable-multiarch --enable-linker-build-id --with-system-zlib --libexecdir=/usr/lib --without-included-gettext --enable-threads=posix --with-gxx-include-dir=/usr/include/c++/4.4 --program-suffix=-4.4 --enable-nls --enable-clocale=gnu --enable-libstdcxx-debug --enable-objc-gc --disable-werror --with-arch-32=i486 --with-tune=generic --enable-checking=release --build=x86_64-linux-gnu --host=x86_64-linux-gnu --target=x86_64-linux-gnu
Thread model: posix
gcc version 4.4.1 (Ubuntu 4.4.1-4ubuntu8) 
configure:7934: $? = 0
configure:7923: g++ -V >&5
g++: '-V' option must have argument
configure:7934: $? = 1
configure:7923: g++ -qversion >&5
g++: unrecognized option '-qversion'
g++: no input files
configure:7934: $? = 1
configure:7938: checking whether we are using the GNU C++ compiler
configure:7966: result: yes
configure:7975: checking whether g++ accepts -g
configure:8036: result: yes
configure:8061: checking dependency style of g++
configure:8171: result: gcc3
configure:8194: checking how to run the C++ preprocessor
configure:8221: g++ -E  conftest.cpp
configure:8221: $? = 0
configure:8235: g++ -E  conftest.cpp
conftest.cpp:29:28: error: ac_nonexistent.h: No such file or directory
configure:8235: $? = 1
configure: failed program was:
| /* confdefs.h */
| #define PACKAGE_NAME "dlvhex-aspplugin"
| #define PACKAGE_TARNAME "dlvhex-aspplugin"
| #define PACKAGE_VERSION "0.3.0"
| #define PACKAGE_STRING "dlvhex-aspplugin 0.3.0"
| #define PACKAGE_BUGREPORT "e0525250@mail.student.tuwien.ac.at"
| #define PACKAGE_URL ""
| #define ASPPLUGIN_MAJOR 0
| #define ASPPLUGIN_MINOR 3
| #define ASPPLUGIN_MICRO 0
| #define PACKAGE "dlvhex-aspplugin"
| #define VERSION "0.3.0"
| #define HAVE_DIRENT_H 1
| #define STDC_HEADERS 1
| #define HAVE_SYS_TYPES_H 1
| #define HAVE_SYS_STAT_H 1
| #define HAVE_STDLIB_H 1
| #define HAVE_STRING_H 1
| #define HAVE_MEMORY_H 1
| #define HAVE_STRINGS_H 1
| #define HAVE_INTTYPES_H 1
| #define HAVE_STDINT_H 1
| #define HAVE_UNISTD_H 1
| #define HAVE_SYS_PARAM_H 1
| #define HAVE__BOOL 1
| #define HAVE_STDBOOL_H 1
| #define HAVE_DLFCN_H 1
| /* end confdefs.h.  */
| #include <ac_nonexistent.h>
configure:8260: result: g++ -E
configure:8280: g++ -E  conftest.cpp
configure:8280: $? = 0
configure:8294: g++ -E  conftest.cpp
conftest.cpp:29:28: error: ac_nonexistent.h: No such file or directory
configure:8294: $? = 1
configure: failed program was:
| /* confdefs.h */
| #define PACKAGE_NAME "dlvhex-aspplugin"
| #define PACKAGE_TARNAME "dlvhex-aspplugin"
| #define PACKAGE_VERSION "0.3.0"
| #define PACKAGE_STRING "dlvhex-aspplugin 0.3.0"
| #define PACKAGE_BUGREPORT "e0525250@mail.student.tuwien.ac.at"
| #define PACKAGE_URL ""
| #define ASPPLUGIN_MAJOR 0
| #define ASPPLUGIN_MINOR 3
| #define ASPPLUGIN_MICRO 0
| #define PACKAGE "dlvhex-aspplugin"
| #define VERSION "0.3.0"
| #define HAVE_DIRENT_H 1
| #define STDC_HEADERS 1
| #define HAVE_SYS_TYPES_H 1
| #define HAVE_SYS_STAT_H 1
| #define HAVE_STDLIB_H 1
| #define HAVE_STRING_H 1
| #define HAVE_MEMORY_H 1
| #define HAVE_STRINGS_H 1
| #define HAVE_INTTYPES_H 1
| #define HAVE_STDINT_H 1
| #define HAVE_UNISTD_H 1
| #define HAVE_SYS_PARAM_H 1
| #define HAVE__BOOL 1
| #define HAVE_STDBOOL_H 1
| #define HAVE_DLFCN_H 1
| /* end confdefs.h.  */
| #include <ac_nonexistent.h>
configure:8470: checking for objdir
configure:8485: result: .libs
configure:8781: checking if gcc supports -fno-rtti -fno-exceptions
configure:8799: gcc -c -g -O2  -fno-rtti -fno-exceptions conftest.c >&5
cc1: warning: command line option "-fno-rtti" is valid for C++/ObjC++ but not for C
configure:8803: $? = 0
configure:8816: result: no
configure:8836: checking for gcc option to produce PIC
configure:9108: result: -fPIC -DPIC
configure:9120: checking if gcc PIC flag -fPIC -DPIC works
configure:9138: gcc -c -g -O2  -fPIC -DPIC -DPIC conftest.c >&5
configure:9142: $? = 0
configure:9155: result: yes
configure:9179: checking if gcc static flag -static works
configure:9207: result: yes
configure:9222: checking if gcc supports -c -o file.o
configure:9243: gcc -c -g -O2  -o out/conftest2.o conftest.c >&5
configure:9247: $? = 0
configure:9269: result: yes
configure:9277: checking if gcc supports -c -o file.o
configure:9324: result: yes
configure:9357: checking whether the gcc linker (/usr/bin/ld -m elf_x86_64) supports shared libraries
configure:10347: result: yes
configure:10384: checking whether -lc should be explicitly linked in
configure:10389: gcc -c -g -O2  conftest.c >&5
configure:10392: $? = 0
configure:10407: gcc -shared conftest.o  -v -Wl,-soname -Wl,conftest -o conftest 2\>\&1 \| /bin/grep  -lc  \>/dev/null 2\>\&1
configure:10410: $? = 0
configure:10422: result: no
configure:10586: checking dynamic linker characteristics
configure:11019: gcc -o conftest -g -O2   -Wl,-rpath -Wl,/foo conftest.c  >&5
configure:11019: $? = 0
configure:11249: result: GNU/Linux ld.so
configure:11351: checking how to hardcode library paths into programs
configure:11376: result: immediate
configure:11896: checking whether stripping libraries is possible
configure:11901: result: yes
configure:11936: checking if libtool supports shared libraries
configure:11938: result: yes
configure:11941: checking whether to build shared libraries
configure:11962: result: yes
configure:11965: checking whether to build static libraries
configure:11969: result: no
configure:12119: checking for ld used by g++
configure:12186: result: /usr/bin/ld -m elf_x86_64
configure:12193: checking if the linker (/usr/bin/ld -m elf_x86_64) is GNU ld
configure:12208: result: yes
configure:12263: checking whether the g++ linker (/usr/bin/ld -m elf_x86_64) supports shared libraries
configure:13176: result: yes
configure:13204: g++ -c -g -O2  conftest.cpp >&5
configure:13207: $? = 0
configure:13389: checking for g++ option to produce PIC
configure:13706: result: -fPIC -DPIC
configure:13715: checking if g++ PIC flag -fPIC -DPIC works
configure:13733: g++ -c -g -O2  -fPIC -DPIC -DPIC conftest.cpp >&5
configure:13737: $? = 0
configure:13750: result: yes
configure:13771: checking if g++ static flag -static works
configure:13799: result: yes
configure:13811: checking if g++ supports -c -o file.o
configure:13832: g++ -c -g -O2  -o out/conftest2.o conftest.cpp >&5
configure:13836: $? = 0
configure:13858: result: yes
configure:13863: checking if g++ supports -c -o file.o
configure:13910: result: yes
configure:13940: checking whether the g++ linker (/usr/bin/ld -m elf_x86_64) supports shared libraries
configure:13969: result: yes
configure:14106: checking dynamic linker characteristics
configure:14487: g++ -o conftest -g -O2   -Wl,-rpath -Wl,/foo conftest.cpp  >&5
configure:14487: $? = 0
configure:14717: result: GNU/Linux ld.so
configure:14768: checking how to hardcode library paths into programs
configure:14793: result: immediate
configure:14908: checking for pkg-config
configure:14926: found /usr/bin/pkg-config
configure:14938: result: /usr/bin/pkg-config
configure:14963: checking pkg-config is at least version 0.9.0
configure:14966: result: yes
configure:14977: checking for DLVHEX
configure:14985: $PKG_CONFIG --exists --print-errors "dlvhex >= 1.7"
configure:14988: $? = 0
configure:15003: $PKG_CONFIG --exists --print-errors "dlvhex >= 1.7"
configure:15006: $? = 0
configure:15061: result: yes
configure:15095: checking for Boost headers version >= 103700
configure:15139: g++ -c -g -O2  conftest.cpp >&5
configure:15139: $? = 0
configure:15160: result: yes
configure:15168: checking for Boost's header version
configure:15185: result: 1_38
configure:15204: checking boost/scoped_ptr.hpp usability
configure:15204: g++ -c -g -O2   conftest.cpp >&5
configure:15204: $? = 0
configure:15204: result: yes
configure:15204: checking boost/scoped_ptr.hpp presence
configure:15204: g++ -E   conftest.cpp
configure:15204: $? = 0
configure:15204: result: yes
configure:15204: checking for boost/scoped_ptr.hpp
configure:15204: result: yes
configure:15228: checking boost/shared_ptr.hpp usability
configure:15228: g++ -c -g -O2   conftest.cpp >&5
configure:15228: $? = 0
configure:15228: result: yes
configure:15228: checking boost/shared_ptr.hpp presence
configure:15228: g++ -E   conftest.cpp
configure:15228: $? = 0
configure:15228: result: yes
configure:15228: checking for boost/shared_ptr.hpp
configure:15228: result: yes
configure:15253: checking boost/algorithm/string.hpp usability
configure:15253: g++ -c -g -O2   conftest.cpp >&5
configure:15253: $? = 0
configure:15253: result: yes
configure:15253: checking boost/algorithm/string.hpp presence
configure:15253: g++ -E   conftest.cpp
configure:15253: $? = 0
configure:15253: result: yes
configure:15253: checking for boost/algorithm/string.hpp
configure:15253: result: yes
configure:15278: checking boost/tokenizer.hpp usability
configure:15278: g++ -c -g -O2   conftest.cpp >&5
configure:15278: $? = 0
configure:15278: result: yes
configure:15278: checking boost/tokenizer.hpp presence
configure:15278: g++ -E   conftest.cpp
configure:15278: $? = 0
configure:15278: result: yes
configure:15278: checking for boost/tokenizer.hpp
configure:15278: result: yes
configure:15445: creating ./config.status

## ---------------------- ##
## Running config.status. ##
## ---------------------- ##

This file was extended by dlvhex-aspplugin config.status 0.3.0, which was
generated by GNU Autoconf 2.64.  Invocation command line was

  CONFIG_FILES    = 
  CONFIG_HEADERS  = 
  CONFIG_LINKS    = 
  CONFIG_COMMANDS = 
  $ ./config.status 

on credl-wien

config.status:1141: creating Makefile
config.status:1141: creating include/Makefile
config.status:1141: creating src/Makefile
config.status:1141: creating examples/Makefile
config.status:1141: creating src/config.h
config.status:1313: src/config.h is unchanged
config.status:1361: executing depfiles commands
config.status:1361: executing libtool commands

## ---------------- ##
## Cache variables. ##
## ---------------- ##

ac_cv_build=x86_64-unknown-linux-gnu
ac_cv_c_compiler_gnu=yes
ac_cv_c_const=yes
ac_cv_cxx_compiler_gnu=yes
ac_cv_env_BOOST_ROOT_set=
ac_cv_env_BOOST_ROOT_value=
ac_cv_env_CCC_set=
ac_cv_env_CCC_value=
ac_cv_env_CC_set=
ac_cv_env_CC_value=
ac_cv_env_CFLAGS_set=
ac_cv_env_CFLAGS_value=
ac_cv_env_CPPFLAGS_set=
ac_cv_env_CPPFLAGS_value=
ac_cv_env_CPP_set=
ac_cv_env_CPP_value=
ac_cv_env_CXXCPP_set=
ac_cv_env_CXXCPP_value=
ac_cv_env_CXXFLAGS_set=
ac_cv_env_CXXFLAGS_value=
ac_cv_env_CXX_set=
ac_cv_env_CXX_value=
ac_cv_env_DLVHEX_CFLAGS_set=
ac_cv_env_DLVHEX_CFLAGS_value=
ac_cv_env_DLVHEX_LIBS_set=
ac_cv_env_DLVHEX_LIBS_value=
ac_cv_env_LDFLAGS_set=
ac_cv_env_LDFLAGS_value=
ac_cv_env_LIBS_set=
ac_cv_env_LIBS_value=
ac_cv_env_PKG_CONFIG_set=
ac_cv_env_PKG_CONFIG_value=
ac_cv_env_build_alias_set=
ac_cv_env_build_alias_value=
ac_cv_env_host_alias_set=
ac_cv_env_host_alias_value=
ac_cv_env_target_alias_set=
ac_cv_env_target_alias_value=
ac_cv_header_boost_algorithm_string_hpp=yes
ac_cv_header_boost_scoped_ptr_hpp=yes
ac_cv_header_boost_shared_ptr_hpp=yes
ac_cv_header_boost_tokenizer_hpp=yes
ac_cv_header_dirent_dirent_h=yes
ac_cv_header_dlfcn_h=yes
ac_cv_header_inttypes_h=yes
ac_cv_header_memory_h=yes
ac_cv_header_stdbool_h=yes
ac_cv_header_stdc=yes
ac_cv_header_stdint_h=yes
ac_cv_header_stdlib_h=yes
ac_cv_header_string_h=yes
ac_cv_header_strings_h=yes
ac_cv_header_sys_param_h=yes
ac_cv_header_sys_stat_h=yes
ac_cv_header_sys_types_h=yes
ac_cv_header_unistd_h=yes
ac_cv_host=x86_64-unknown-linux-gnu
ac_cv_objext=o
ac_cv_path_EGREP='/bin/grep -E'
ac_cv_path_FGREP='/bin/grep -F'
ac_cv_path_GREP=/bin/grep
ac_cv_path_SED=/bin/sed
ac_cv_path_ac_pt_PKG_CONFIG=/usr/bin/pkg-config
ac_cv_path_install='/usr/bin/install -c'
ac_cv_path_mkdir=/bin/mkdir
ac_cv_prog_AWK=mawk
ac_cv_prog_CPP='gcc -E'
ac_cv_prog_CXXCPP='g++ -E'
ac_cv_prog_ac_ct_AR=ar
ac_cv_prog_ac_ct_CC=gcc
ac_cv_prog_ac_ct_CXX=g++
ac_cv_prog_ac_ct_OBJDUMP=objdump
ac_cv_prog_ac_ct_RANLIB=ranlib
ac_cv_prog_ac_ct_STRIP=strip
ac_cv_prog_cc_c89=
ac_cv_prog_cc_g=yes
ac_cv_prog_cxx_g=yes
ac_cv_prog_make_make_set=yes
ac_cv_search_opendir='none required'
ac_cv_type__Bool=yes
am_cv_CC_dependencies_compiler_type=gcc3
am_cv_CXX_dependencies_compiler_type=gcc3
boost_cv_inc_path=yes
boost_cv_lib_version=1_38
lt_cv_deplibs_check_method=pass_all
lt_cv_file_magic_cmd='$MAGIC_CMD'
lt_cv_file_magic_test_file=
lt_cv_ld_reload_flag=-r
lt_cv_nm_interface='BSD nm'
lt_cv_objdir=.libs
lt_cv_path_LD=/usr/bin/ld
lt_cv_path_LDCXX='/usr/bin/ld -m elf_x86_64'
lt_cv_path_NM='/usr/bin/nm -B'
lt_cv_prog_compiler_c_o=yes
lt_cv_prog_compiler_c_o_CXX=yes
lt_cv_prog_compiler_pic_works=yes
lt_cv_prog_compiler_pic_works_CXX=yes
lt_cv_prog_compiler_rtti_exceptions=no
lt_cv_prog_compiler_static_works=yes
lt_cv_prog_compiler_static_works_CXX=yes
lt_cv_prog_gnu_ld=yes
lt_cv_prog_gnu_ldcxx=yes
lt_cv_sys_global_symbol_pipe='sed -n -e '\''s/^.*[	 ]\([ABCDGIRSTW][ABCDGIRSTW]*\)[	 ][	 ]*\([_A-Za-z][_A-Za-z0-9]*\)$/\1 \2 \2/p'\'''
lt_cv_sys_global_symbol_to_c_name_address='sed -n -e '\''s/^: \([^ ]*\) $/  {\"\1\", (void *) 0},/p'\'' -e '\''s/^[ABCDGIRSTW]* \([^ ]*\) \([^ ]*\)$/  {"\2", (void *) \&\2},/p'\'''
lt_cv_sys_global_symbol_to_c_name_address_lib_prefix='sed -n -e '\''s/^: \([^ ]*\) $/  {\"\1\", (void *) 0},/p'\'' -e '\''s/^[ABCDGIRSTW]* \([^ ]*\) \(lib[^ ]*\)$/  {"\2", (void *) \&\2},/p'\'' -e '\''s/^[ABCDGIRSTW]* \([^ ]*\) \([^ ]*\)$/  {"lib\2", (void *) \&\2},/p'\'''
lt_cv_sys_global_symbol_to_cdecl='sed -n -e '\''s/^T .* \(.*\)$/extern int \1();/p'\'' -e '\''s/^[ABCDGIRSTW]* .* \(.*\)$/extern char \1;/p'\'''
lt_cv_sys_max_cmd_len=1572864
pkg_cv_DLVHEX_CFLAGS='-I/usr/local/include  '
pkg_cv_DLVHEX_LIBS='-L/usr/local/lib/dlvhex -ldlvhexbase -laspsolver  '

## ----------------- ##
## Output variables. ##
## ----------------- ##

ACLOCAL='${SHELL} /home/redl/Desktop/dlvhex/dlvhex-aspplugin/trunk/missing --run aclocal-1.11'
AMDEPBACKSLASH='\'
AMDEP_FALSE='#'
AMDEP_TRUE=''
AMTAR='${SHELL} /home/redl/Desktop/dlvhex/dlvhex-aspplugin/trunk/missing --run tar'
AR='ar'
AUTOCONF='${SHELL} /home/redl/Desktop/dlvhex/dlvhex-aspplugin/trunk/missing --run autoconf'
AUTOHEADER='${SHELL} /home/redl/Desktop/dlvhex/dlvhex-aspplugin/trunk/missing --run autoheader'
AUTOMAKE='${SHELL} /home/redl/Desktop/dlvhex/dlvhex-aspplugin/trunk/missing --run automake-1.11'
AWK='mawk'
BOOST_CPPFLAGS=''
BOOST_ROOT=''
CC='gcc'
CCDEPMODE='depmode=gcc3'
CFLAGS='-g -O2'
CPP='gcc -E'
CPPFLAGS=''
CXX='g++'
CXXCPP='g++ -E'
CXXDEPMODE='depmode=gcc3'
CXXFLAGS='-g -O2'
CYGPATH_W='echo'
DEFS='-DHAVE_CONFIG_H'
DEPDIR='.deps'
DISTCHECK_CONFIGURE_FLAGS=' '\''--with-boost='\'''
DLVHEX_CFLAGS='-I/usr/local/include  '
DLVHEX_LIBS='-L/usr/local/lib/dlvhex -ldlvhexbase -laspsolver  '
DSYMUTIL=''
DUMPBIN=''
ECHO_C=''
ECHO_N='-n'
ECHO_T=''
EGREP='/bin/grep -E'
EXEEXT=''
FGREP='/bin/grep -F'
GREP='/bin/grep'
INSTALL_DATA='${INSTALL} -m 644'
INSTALL_PROGRAM='${INSTALL}'
INSTALL_SCRIPT='${INSTALL}'
INSTALL_STRIP_PROGRAM='$(install_sh) -c -s'
LD='/usr/bin/ld -m elf_x86_64'
LDFLAGS=''
LIBOBJS=''
LIBS=''
LIBTOOL='$(SHELL) $(top_builddir)/libtool'
LIPO=''
LN_S='ln -s'
LTLIBOBJS=''
MAKEINFO='${SHELL} /home/redl/Desktop/dlvhex/dlvhex-aspplugin/trunk/missing --run makeinfo'
MKDIR_P='/bin/mkdir -p'
NM='/usr/bin/nm -B'
NMEDIT=''
OBJDUMP='objdump'
OBJEXT='o'
OTOOL64=''
OTOOL=''
PACKAGE='dlvhex-aspplugin'
PACKAGE_BUGREPORT='e0525250@mail.student.tuwien.ac.at'
PACKAGE_NAME='dlvhex-aspplugin'
PACKAGE_STRING='dlvhex-aspplugin 0.3.0'
PACKAGE_TARNAME='dlvhex-aspplugin'
PACKAGE_URL=''
PACKAGE_VERSION='0.3.0'
PATH_SEPARATOR=':'
PKG_CONFIG='/usr/bin/pkg-config'
RANLIB='ranlib'
SED='/bin/sed'
SET_MAKE=''
SHELL='/bin/bash'
STRIP='strip'
VERSION='0.3.0'
ac_ct_CC='gcc'
ac_ct_CXX='g++'
ac_ct_DUMPBIN=''
am__EXEEXT_FALSE=''
am__EXEEXT_TRUE='#'
am__fastdepCC_FALSE='#'
am__fastdepCC_TRUE=''
am__fastdepCXX_FALSE='#'
am__fastdepCXX_TRUE=''
am__include='include'
am__isrc=''
am__leading_dot='.'
am__quote=''
am__tar='${AMTAR} chof - "$$tardir"'
am__untar='${AMTAR} xf -'
bindir='${exec_prefix}/bin'
build='x86_64-unknown-linux-gnu'
build_alias=''
build_cpu='x86_64'
build_os='linux-gnu'
build_vendor='unknown'
datadir='${datarootdir}'
datarootdir='${prefix}/share'
docdir='${datarootdir}/doc/${PACKAGE_TARNAME}'
dvidir='${docdir}'
exec_prefix='${prefix}'
host='x86_64-unknown-linux-gnu'
host_alias=''
host_cpu='x86_64'
host_os='linux-gnu'
host_vendor='unknown'
htmldir='${docdir}'
includedir='${prefix}/include'
infodir='${datarootdir}/info'
install_sh='${SHELL} /home/redl/Desktop/dlvhex/dlvhex-aspplugin/trunk/install-sh'
libdir='${exec_prefix}/lib'
libexecdir='${exec_prefix}/libexec'
localedir='${datarootdir}/locale'
localstatedir='${prefix}/var'
lt_ECHO='echo'
mandir='${datarootdir}/man'
mkdir_p='/bin/mkdir -p'
oldincludedir='/usr/include'
pdfdir='${docdir}'
plugindir='/usr/local/lib/dlvhex/plugins'
prefix='/usr/local'
program_transform_name='s,x,x,'
psdir='${docdir}'
sbindir='${exec_prefix}/sbin'
sharedstatedir='${prefix}/com'
sysconfdir='${prefix}/etc'
target_alias=''

## ----------- ##
## confdefs.h. ##
## ----------- ##

/* confdefs.h */
#define PACKAGE_NAME "dlvhex-aspplugin"
#define PACKAGE_TARNAME "dlvhex-aspplugin"
#define PACKAGE_VERSION "0.3.0"
#define PACKAGE_STRING "dlvhex-aspplugin 0.3.0"
#define PACKAGE_BUGREPORT "e0525250@mail.student.tuwien.ac.at"
#define PACKAGE_URL ""
#define ASPPLUGIN_MAJOR 0
#define ASPPLUGIN_MINOR 3
#define ASPPLUGIN_MICRO 0
#define PACKAGE "dlvhex-aspplugin"
#define VERSION "0.3.0"
#define HAVE_DIRENT_H 1
#define STDC_HEADERS 1
#define HAVE_SYS_TYPES_H 1
#define HAVE_SYS_STAT_H 1
#define HAVE_STDLIB_H 1
#define HAVE_STRING_H 1
#define HAVE_MEMORY_H 1
#define HAVE_STRINGS_H 1
#define HAVE_INTTYPES_H 1
#define HAVE_STDINT_H 1
#define HAVE_UNISTD_H 1
#define HAVE_SYS_PARAM_H 1
#define HAVE__BOOL 1
#define HAVE_STDBOOL_H 1
#define HAVE_DLFCN_H 1
#define LT_OBJDIR ".libs/"
#define HAVE_BOOST_SCOPED_PTR_HPP 1
#define HAVE_BOOST_SHARED_PTR_HPP 1
#define HAVE_BOOST_ALGORITHM_STRING_HPP 1
#define HAVE_BOOST_TOKENIZER_HPP 1

configure: exit 0

## ---------------------- ##
## Running config.status. ##
## ---------------------- ##

This file was extended by dlvhex-aspplugin config.status 0.3.0, which was
generated by GNU Autoconf 2.64.  Invocation command line was

  CONFIG_FILES    = 
  CONFIG_HEADERS  = 
  CONFIG_LINKS    = 
  CONFIG_COMMANDS = 
  $ ./config.status src/config.h

on credl-wien

config.status:1141: creating src/config.h
config.status:1313: src/config.h is unchanged
